This is XeTeX, Version 3.14159265-2.6-0.99999 (MiKTeX 2.9.6730 64-bit) (preloaded format=xelatex 2019.6.26)  2 JUL 2019 08:01
entering extended mode
**./polarizing-microscope.tex
(polarizing-microscope.tex
LaTeX2e <2018-04-01> patch level 5
("E:\Master1 RSD\Memoire\latex\tex\latex\base\article.cls"
Document Class: article 2014/09/29 v1.4h Standard LaTeX document class
("E:\Master1 RSD\Memoire\latex\tex\latex\base\size11.clo"
File: size11.clo 2014/09/29 v1.4h Standard LaTeX file (size option)
)
\c@part=\count80
\c@section=\count81
\c@subsection=\count82
\c@subsubsection=\count83
\c@paragraph=\count84
\c@subparagraph=\count85
\c@figure=\count86
\c@table=\count87
\abovecaptionskip=\skip41
\belowcaptionskip=\skip42
\bibindent=\dimen102
)
("E:\Master1 RSD\Memoire\latex\tex\latex\pgf\frontendlayer\tikz.sty"
("E:\Master1 RSD\Memoire\latex\tex\latex\pgf\basiclayer\pgf.sty"
("E:\Master1 RSD\Memoire\latex\tex\latex\pgf\utilities\pgfrcs.sty"
("E:\Master1 RSD\Memoire\latex\tex\generic\pgf\utilities\pgfutil-common.tex"
\pgfutil@everybye=\toks14
\pgfutil@tempdima=\dimen103
\pgfutil@tempdimb=\dimen104

("E:\Master1 RSD\Memoire\latex\tex\generic\pgf\utilities\pgfutil-common-lists.t
ex")) ("E:\Master1 RSD\Memoire\latex\tex\generic\pgf\utilities\pgfutil-latex.de
f"
\pgfutil@abb=\box26
 ("E:\Master1 RSD\Memoire\latex\tex\latex\ms\everyshi.sty"
Package: everyshi 2001/05/15 v3.00 EveryShipout Package (MS)
))
("E:\Master1 RSD\Memoire\latex\tex\generic\pgf\utilities\pgfrcs.code.tex"
Package: pgfrcs 2015/08/07 v3.0.1a (rcs-revision 1.31)
))
Package: pgf 2015/08/07 v3.0.1a (rcs-revision 1.15)

("E:\Master1 RSD\Memoire\latex\tex\latex\pgf\basiclayer\pgfcore.sty"
("E:\Master1 RSD\Memoire\latex\tex\latex\graphics\graphicx.sty"
Package: graphicx 2017/06/01 v1.1a Enhanced LaTeX Graphics (DPC,SPQR)

("E:\Master1 RSD\Memoire\latex\tex\latex\graphics\keyval.sty"
Package: keyval 2014/10/28 v1.15 key=value parser (DPC)
\KV@toks@=\toks15
)
("E:\Master1 RSD\Memoire\latex\tex\latex\graphics\graphics.sty"
Package: graphics 2017/06/25 v1.2c Standard LaTeX Graphics (DPC,SPQR)

("E:\Master1 RSD\Memoire\latex\tex\latex\graphics\trig.sty"
Package: trig 2016/01/03 v1.10 sin cos tan (DPC)
)
("E:\Master1 RSD\Memoire\latex\tex\latex\graphics-cfg\graphics.cfg"
File: graphics.cfg 2016/06/04 v1.11 sample graphics configuration
)
Package graphics Info: Driver file: xetex.def on input line 99.

("E:\Master1 RSD\Memoire\latex\tex\latex\graphics-def\xetex.def"
File: xetex.def 2017/06/24 v5.0h Graphics/color driver for xetex
))
\Gin@req@height=\dimen105
\Gin@req@width=\dimen106
)
("E:\Master1 RSD\Memoire\latex\tex\latex\pgf\systemlayer\pgfsys.sty"
("E:\Master1 RSD\Memoire\latex\tex\generic\pgf\systemlayer\pgfsys.code.tex"
Package: pgfsys 2014/07/09 v3.0.1a (rcs-revision 1.48)

("E:\Master1 RSD\Memoire\latex\tex\generic\pgf\utilities\pgfkeys.code.tex"
\pgfkeys@pathtoks=\toks16
\pgfkeys@temptoks=\toks17

("E:\Master1 RSD\Memoire\latex\tex\generic\pgf\utilities\pgfkeysfiltered.code.t
ex"
\pgfkeys@tmptoks=\toks18
))
\pgf@x=\dimen107
\pgf@y=\dimen108
\pgf@xa=\dimen109
\pgf@ya=\dimen110
\pgf@xb=\dimen111
\pgf@yb=\dimen112
\pgf@xc=\dimen113
\pgf@yc=\dimen114
\w@pgf@writea=\write3
\r@pgf@reada=\read1
\c@pgf@counta=\count88
\c@pgf@countb=\count89
\c@pgf@countc=\count90
\c@pgf@countd=\count91
\t@pgf@toka=\toks19
\t@pgf@tokb=\toks20
\t@pgf@tokc=\toks21
 ("E:\Master1 RSD\Memoire\latex\tex\generic\pgf\systemlayer\pgf.cfg"
File: pgf.cfg 2008/05/14  (rcs-revision 1.7)
)
Driver file for pgf: pgfsys-xetex.def

("E:\Master1 RSD\Memoire\latex\tex\generic\pgf\systemlayer\pgfsys-xetex.def"
File: pgfsys-xetex.def 2014/07/09  (rcs-revision 1.11)

("E:\Master1 RSD\Memoire\latex\tex\generic\pgf\systemlayer\pgfsys-dvipdfmx.def"
File: pgfsys-dvipdfmx.def 2014/07/09  (rcs-revision 1.14)

("E:\Master1 RSD\Memoire\latex\tex\generic\pgf\systemlayer\pgfsys-common-pdf.de
f"
File: pgfsys-common-pdf.def 2013/10/10  (rcs-revision 1.13)
)
\pgfsys@objnum=\count92
)))
("E:\Master1 RSD\Memoire\latex\tex\generic\pgf\systemlayer\pgfsyssoftpath.code.
tex"
File: pgfsyssoftpath.code.tex 2013/09/09  (rcs-revision 1.9)
\pgfsyssoftpath@smallbuffer@items=\count93
\pgfsyssoftpath@bigbuffer@items=\count94
)
("E:\Master1 RSD\Memoire\latex\tex\generic\pgf\systemlayer\pgfsysprotocol.code.
tex"
File: pgfsysprotocol.code.tex 2006/10/16  (rcs-revision 1.4)
)) ("E:\Master1 RSD\Memoire\latex\tex\latex\xcolor\xcolor.sty"
Package: xcolor 2016/05/11 v2.12 LaTeX color extensions (UK)

("E:\Master1 RSD\Memoire\latex\tex\latex\graphics-cfg\color.cfg"
File: color.cfg 2016/01/02 v1.6 sample color configuration
)
Package xcolor Info: Driver file: xetex.def on input line 225.
Package xcolor Info: Model `cmy' substituted by `cmy0' on input line 1348.
Package xcolor Info: Model `RGB' extended on input line 1364.
Package xcolor Info: Model `HTML' substituted by `rgb' on input line 1366.
Package xcolor Info: Model `Hsb' substituted by `hsb' on input line 1367.
Package xcolor Info: Model `tHsb' substituted by `hsb' on input line 1368.
Package xcolor Info: Model `HSB' substituted by `hsb' on input line 1369.
Package xcolor Info: Model `Gray' substituted by `gray' on input line 1370.
Package xcolor Info: Model `wave' substituted by `hsb' on input line 1371.
)
("E:\Master1 RSD\Memoire\latex\tex\generic\pgf\basiclayer\pgfcore.code.tex"
Package: pgfcore 2010/04/11 v3.0.1a (rcs-revision 1.7)

("E:\Master1 RSD\Memoire\latex\tex\generic\pgf\math\pgfmath.code.tex"
("E:\Master1 RSD\Memoire\latex\tex\generic\pgf\math\pgfmathcalc.code.tex"
("E:\Master1 RSD\Memoire\latex\tex\generic\pgf\math\pgfmathutil.code.tex")
("E:\Master1 RSD\Memoire\latex\tex\generic\pgf\math\pgfmathparser.code.tex"
\pgfmath@dimen=\dimen115
\pgfmath@count=\count95
\pgfmath@box=\box27
\pgfmath@toks=\toks22
\pgfmath@stack@operand=\toks23
\pgfmath@stack@operation=\toks24
)
("E:\Master1 RSD\Memoire\latex\tex\generic\pgf\math\pgfmathfunctions.code.tex"
("E:\Master1 RSD\Memoire\latex\tex\generic\pgf\math\pgfmathfunctions.basic.code
.tex")
("E:\Master1 RSD\Memoire\latex\tex\generic\pgf\math\pgfmathfunctions.trigonomet
ric.code.tex")
("E:\Master1 RSD\Memoire\latex\tex\generic\pgf\math\pgfmathfunctions.random.cod
e.tex")
("E:\Master1 RSD\Memoire\latex\tex\generic\pgf\math\pgfmathfunctions.comparison
.code.tex")
("E:\Master1 RSD\Memoire\latex\tex\generic\pgf\math\pgfmathfunctions.base.code.
tex")
("E:\Master1 RSD\Memoire\latex\tex\generic\pgf\math\pgfmathfunctions.round.code
.tex")
("E:\Master1 RSD\Memoire\latex\tex\generic\pgf\math\pgfmathfunctions.misc.code.
tex")
("E:\Master1 RSD\Memoire\latex\tex\generic\pgf\math\pgfmathfunctions.integerari
thmetics.code.tex")))
("E:\Master1 RSD\Memoire\latex\tex\generic\pgf\math\pgfmathfloat.code.tex"
\c@pgfmathroundto@lastzeros=\count96
))
("E:\Master1 RSD\Memoire\latex\tex\generic\pgf\basiclayer\pgfcorepoints.code.te
x"
File: pgfcorepoints.code.tex 2013/10/07  (rcs-revision 1.27)
\pgf@picminx=\dimen116
\pgf@picmaxx=\dimen117
\pgf@picminy=\dimen118
\pgf@picmaxy=\dimen119
\pgf@pathminx=\dimen120
\pgf@pathmaxx=\dimen121
\pgf@pathminy=\dimen122
\pgf@pathmaxy=\dimen123
\pgf@xx=\dimen124
\pgf@xy=\dimen125
\pgf@yx=\dimen126
\pgf@yy=\dimen127
\pgf@zx=\dimen128
\pgf@zy=\dimen129
)
("E:\Master1 RSD\Memoire\latex\tex\generic\pgf\basiclayer\pgfcorepathconstruct.
code.tex"
File: pgfcorepathconstruct.code.tex 2013/10/07  (rcs-revision 1.29)
\pgf@path@lastx=\dimen130
\pgf@path@lasty=\dimen131
)
("E:\Master1 RSD\Memoire\latex\tex\generic\pgf\basiclayer\pgfcorepathusage.code
.tex"
File: pgfcorepathusage.code.tex 2014/11/02  (rcs-revision 1.24)
\pgf@shorten@end@additional=\dimen132
\pgf@shorten@start@additional=\dimen133
)
("E:\Master1 RSD\Memoire\latex\tex\generic\pgf\basiclayer\pgfcorescopes.code.te
x"
File: pgfcorescopes.code.tex 2015/05/08  (rcs-revision 1.46)
\pgfpic=\box28
\pgf@hbox=\box29
\pgf@layerbox@main=\box30
\pgf@picture@serial@count=\count97
)
("E:\Master1 RSD\Memoire\latex\tex\generic\pgf\basiclayer\pgfcoregraphicstate.c
ode.tex"
File: pgfcoregraphicstate.code.tex 2014/11/02  (rcs-revision 1.12)
\pgflinewidth=\dimen134
)
("E:\Master1 RSD\Memoire\latex\tex\generic\pgf\basiclayer\pgfcoretransformation
s.code.tex"
File: pgfcoretransformations.code.tex 2015/08/07  (rcs-revision 1.20)
\pgf@pt@x=\dimen135
\pgf@pt@y=\dimen136
\pgf@pt@temp=\dimen137
)
("E:\Master1 RSD\Memoire\latex\tex\generic\pgf\basiclayer\pgfcorequick.code.tex
"
File: pgfcorequick.code.tex 2008/10/09  (rcs-revision 1.3)
)
("E:\Master1 RSD\Memoire\latex\tex\generic\pgf\basiclayer\pgfcoreobjects.code.t
ex"
File: pgfcoreobjects.code.tex 2006/10/11  (rcs-revision 1.2)
)
("E:\Master1 RSD\Memoire\latex\tex\generic\pgf\basiclayer\pgfcorepathprocessing
.code.tex"
File: pgfcorepathprocessing.code.tex 2013/09/09  (rcs-revision 1.9)
)
("E:\Master1 RSD\Memoire\latex\tex\generic\pgf\basiclayer\pgfcorearrows.code.te
x"
File: pgfcorearrows.code.tex 2015/05/14  (rcs-revision 1.43)
\pgfarrowsep=\dimen138
)
("E:\Master1 RSD\Memoire\latex\tex\generic\pgf\basiclayer\pgfcoreshade.code.tex
"
File: pgfcoreshade.code.tex 2013/07/15  (rcs-revision 1.15)
\pgf@max=\dimen139
\pgf@sys@shading@range@num=\count98
)
("E:\Master1 RSD\Memoire\latex\tex\generic\pgf\basiclayer\pgfcoreimage.code.tex
"
File: pgfcoreimage.code.tex 2013/07/15  (rcs-revision 1.18)

("E:\Master1 RSD\Memoire\latex\tex\generic\pgf\basiclayer\pgfcoreexternal.code.
tex"
File: pgfcoreexternal.code.tex 2014/07/09  (rcs-revision 1.21)
\pgfexternal@startupbox=\box31
))
("E:\Master1 RSD\Memoire\latex\tex\generic\pgf\basiclayer\pgfcorelayers.code.te
x"
File: pgfcorelayers.code.tex 2013/07/18  (rcs-revision 1.7)
)
("E:\Master1 RSD\Memoire\latex\tex\generic\pgf\basiclayer\pgfcoretransparency.c
ode.tex"
File: pgfcoretransparency.code.tex 2013/09/30  (rcs-revision 1.5)
)
("E:\Master1 RSD\Memoire\latex\tex\generic\pgf\basiclayer\pgfcorepatterns.code.
tex"
File: pgfcorepatterns.code.tex 2013/11/07  (rcs-revision 1.5)
)))
("E:\Master1 RSD\Memoire\latex\tex\generic\pgf\modules\pgfmoduleshapes.code.tex
"
File: pgfmoduleshapes.code.tex 2014/03/21  (rcs-revision 1.35)
\pgfnodeparttextbox=\box32
) ("E:\Master1 RSD\Memoire\latex\tex\generic\pgf\modules\pgfmoduleplot.code.tex
"
File: pgfmoduleplot.code.tex 2015/08/03  (rcs-revision 1.13)
)
("E:\Master1 RSD\Memoire\latex\tex\latex\pgf\compatibility\pgfcomp-version-0-65
.sty"
Package: pgfcomp-version-0-65 2007/07/03 v3.0.1a (rcs-revision 1.7)
\pgf@nodesepstart=\dimen140
\pgf@nodesepend=\dimen141
)
("E:\Master1 RSD\Memoire\latex\tex\latex\pgf\compatibility\pgfcomp-version-1-18
.sty"
Package: pgfcomp-version-1-18 2007/07/23 v3.0.1a (rcs-revision 1.1)
)) ("E:\Master1 RSD\Memoire\latex\tex\latex\pgf\utilities\pgffor.sty"
("E:\Master1 RSD\Memoire\latex\tex\latex\pgf\utilities\pgfkeys.sty"
("E:\Master1 RSD\Memoire\latex\tex\generic\pgf\utilities\pgfkeys.code.tex"))
("E:\Master1 RSD\Memoire\latex\tex\latex\pgf\math\pgfmath.sty"
("E:\Master1 RSD\Memoire\latex\tex\generic\pgf\math\pgfmath.code.tex"))
("E:\Master1 RSD\Memoire\latex\tex\generic\pgf\utilities\pgffor.code.tex"
Package: pgffor 2013/12/13 v3.0.1a (rcs-revision 1.25)

("E:\Master1 RSD\Memoire\latex\tex\generic\pgf\math\pgfmath.code.tex")
\pgffor@iter=\dimen142
\pgffor@skip=\dimen143
\pgffor@stack=\toks25
\pgffor@toks=\toks26
))
("E:\Master1 RSD\Memoire\latex\tex\generic\pgf\frontendlayer\tikz\tikz.code.tex
"
Package: tikz 2015/08/07 v3.0.1a (rcs-revision 1.151)

("E:\Master1 RSD\Memoire\latex\tex\generic\pgf\libraries\pgflibraryplothandlers
.code.tex"
File: pgflibraryplothandlers.code.tex 2013/08/31 v3.0.1a (rcs-revision 1.20)
\pgf@plot@mark@count=\count99
\pgfplotmarksize=\dimen144
)
\tikz@lastx=\dimen145
\tikz@lasty=\dimen146
\tikz@lastxsaved=\dimen147
\tikz@lastysaved=\dimen148
\tikzleveldistance=\dimen149
\tikzsiblingdistance=\dimen150
\tikz@figbox=\box33
\tikz@figbox@bg=\box34
\tikz@tempbox=\box35
\tikz@tempbox@bg=\box36
\tikztreelevel=\count100
\tikznumberofchildren=\count101
\tikznumberofcurrentchild=\count102
\tikz@fig@count=\count103

("E:\Master1 RSD\Memoire\latex\tex\generic\pgf\modules\pgfmodulematrix.code.tex
"
File: pgfmodulematrix.code.tex 2013/09/17  (rcs-revision 1.8)
\pgfmatrixcurrentrow=\count104
\pgfmatrixcurrentcolumn=\count105
\pgf@matrix@numberofcolumns=\count106
)
\tikz@expandcount=\count107

("E:\Master1 RSD\Memoire\latex\tex\generic\pgf\frontendlayer\tikz\libraries\tik
zlibrarytopaths.code.tex"
File: tikzlibrarytopaths.code.tex 2008/06/17 v3.0.1a (rcs-revision 1.2)
)))
("E:\Master1 RSD\Memoire\latex\tex\generic\pgf\frontendlayer\tikz\libraries\tik
zlibraryarrows.code.tex"
File: tikzlibraryarrows.code.tex 2008/01/09 v3.0.1a (rcs-revision 1.1)

("E:\Master1 RSD\Memoire\latex\tex\generic\pgf\libraries\pgflibraryarrows.code.
tex"
File: pgflibraryarrows.code.tex 2013/09/23 v3.0.1a (rcs-revision 1.16)
\arrowsize=\dimen151
)) ("E:\Master1 RSD\Memoire\latex\tex\latex\tools\verbatim.sty"
Package: verbatim 2014/10/28 v1.5q LaTeX2e package for verbatim enhancements
\every@verbatim=\toks27
\verbatim@line=\toks28
\verbatim@in@stream=\read2
)
("E:\Master1 RSD\Memoire\latex\tex\latex\preview\preview.sty"
Package: preview 2017/04/24 11.91 (AUCTeX/preview-latex)

("E:\Master1 RSD\Memoire\latex\tex\generic\luatex85\luatex85.sty"
Package: luatex85 2016/06/15 v1.4 pdftex aliases for luatex
)
("E:\Master1 RSD\Memoire\latex\tex\latex\preview\prtightpage.def"
\PreviewBorder=\dimen152
)
\pr@snippet=\count108
\pr@box=\box37
\pr@output=\toks29
)
(polarizing-microscope.aux)
\openout1 = `polarizing-microscope.aux'.

LaTeX Font Info:    Checking defaults for OML/cmm/m/it on input line 34.
LaTeX Font Info:    ... okay on input line 34.
LaTeX Font Info:    Checking defaults for T1/cmr/m/n on input line 34.
LaTeX Font Info:    ... okay on input line 34.
LaTeX Font Info:    Checking defaults for OT1/cmr/m/n on input line 34.
LaTeX Font Info:    ... okay on input line 34.
LaTeX Font Info:    Checking defaults for OMS/cmsy/m/n on input line 34.
LaTeX Font Info:    ... okay on input line 34.
LaTeX Font Info:    Checking defaults for TU/lmr/m/n on input line 34.
LaTeX Font Info:    ... okay on input line 34.
LaTeX Font Info:    Checking defaults for OMX/cmex/m/n on input line 34.
LaTeX Font Info:    ... okay on input line 34.
LaTeX Font Info:    Checking defaults for U/cmr/m/n on input line 34.
LaTeX Font Info:    ... okay on input line 34.
 ABD: EveryShipout initializing macros
Preview: Fontsize 10.95pt
Preview: PDFoutput 1
LaTeX Font Info:    External font `cmex10' loaded for size
(Font)              <10.95> on input line 76.
LaTeX Font Info:    External font `cmex10' loaded for size
(Font)              <8> on input line 76.
LaTeX Font Info:    External font `cmex10' loaded for size
(Font)              <6> on input line 76.

Overfull \hbox (50.18097pt too wide) in paragraph at lines 131--131
[][] 
 []

Preview: Tightpage -327680 -327680 327680 327680
[1] (polarizing-microscope.aux) ) 
Here is how much of TeX's memory you used:
 11379 strings out of 427798
 234770 string characters out of 3151608
 306907 words of memory out of 3000000
 15222 multiletter control sequences out of 15000+200000
 6387 words of font info for 24 fonts, out of 3000000 for 9000
 1328 hyphenation exceptions out of 8191
 55i,6n,54p,438b,775s stack positions out of 5000i,500n,10000p,200000b,50000s

Output written on polarizing-microscope.pdf (1 page).
